<?xml version="1.0" encoding="UTF-8"?>
<!-- Generated by org.testng.reporters.JUnitReportReporter -->
<testsuite ignored="0" hostname="wlc126" failures="0" tests="1" name="New_testng.NewTest1" time="0.011" errors="0" timestamp="25 Mar 2022 10:55:08 GMT" skipped="0">
  <testcase classname="New_testng.NewTest1" name="f" time="0.011"/>
</testsuite> <!-- New_testng.NewTest1 -->
