<?xml version="1.0" encoding="UTF-8"?>
<!-- Generated by org.testng.reporters.JUnitReportReporter -->
<testsuite ignored="0" hostname="wlc126" failures="0" tests="3" name="Second_testng.orangesrm_login" time="13.972" errors="0" timestamp="30 Mar 2022 09:04:26 GMT" skipped="0">
  <testcase classname="Second_testng.orangesrm_login" name="admin_login" time="5.386"/>
  <testcase classname="Second_testng.orangesrm_login" name="admin_job" time="5.102"/>
  <testcase classname="Second_testng.orangesrm_login" name="admin_menu" time="3.484"/>
</testsuite> <!-- Second_testng.orangesrm_login -->
