<?xml version="1.0" encoding="UTF-8"?>
<!-- Generated by org.testng.reporters.JUnitReportReporter -->
<testsuite ignored="0" hostname="wlc126" failures="0" tests="2" name="first.orangesrm" time="4.959" errors="0" timestamp="29 Mar 2022 06:12:37 GMT" skipped="0">
  <testcase classname="first.orangesrm" name="admin_login" time="4.955"/>
  <testcase classname="first.orangesrm" name="admin_menu" time="0.004"/>
</testsuite> <!-- first.orangesrm -->
