<?xml version="1.0" encoding="UTF-8"?>
<!-- Generated by org.testng.reporters.JUnitReportReporter -->
<testsuite ignored="0" hostname="wlc126" failures="0" tests="1" name="Second_testng.NewTest1" time="0.018" errors="0" timestamp="25 Mar 2022 10:46:20 GMT" skipped="0">
  <testcase classname="Second_testng.NewTest1" name="f" time="0.018"/>
</testsuite> <!-- Second_testng.NewTest1 -->
